<?xml version="1.0" encoding="UTF-8"?>
<!-- Generated by org.testng.reporters.JUnitXMLReporter -->
<testsuite ignored="0" hostname="laptop-3.local" failures="0" tests="5" name="Default test" time="24.458" errors="0" timestamp="2021-09-21T22:54:52 EDT">
  <testcase classname="com.ww.tests.WWTests" name="TestBrowserOpensSuccessfully" time="11.364"/>
  <testcase classname="com.ww.tests.WWTests" name="TestPageTitle" time="0.246"/>
  <testcase classname="com.ww.tests.WWTests" name="FindClosestStudio" time="4.171"/>
  <testcase classname="com.ww.tests.WWTests" name="VerifyLocationTitleMatchesResult" time="3.761"/>
  <testcase classname="com.ww.tests.WWTests" name="CheckBusinessHours" time="4.195"/>
</testsuite> <!-- Default test -->
